# JRE version: Java(TM) SE Runtime Environment (24.0.1+9) (build 24.0.1+9-30)
# Java VM: Java HotSpot(TM) 64-Bit Server VM (24.0.1+9-30, mixed mode, sharing, tiered, compressed oops, compressed class ptrs, g1 gc, windows-amd64)
GC Precious Log:
 CardTable entry size: 512
 Card Set container configuration: InlinePtr #cards 4 size 8 Array Of Cards #cards 16 size 48 Howl #buckets 8 coarsen threshold 3686 Howl Bitmap #cards 512 size 80 coarsen threshold 460 Card regions per heap region 1 cards per card region 4096
 CPUs: 12 total, 12 available
 Memory: 13879M
 Large Page Support: Disabled
 NUMA Support: Disabled
 Compressed Oops: Enabled (Zero based)
 Heap Region Size: 2M
 Heap Min Capacity: 8M
 Heap Initial Capacity: 218M
 Heap Max Capacity: 3470M
 Pre-touch: Disabled
 Parallel Workers: 10
 Concurrent Workers: 3
 Concurrent Refinement Workers: 10
 Periodic GC: Disabled
Heap:
 garbage-first heap   total reserved 3553280K, committed 69632K, used 46966K [0x0000000727200000, 0x0000000800000000)
  region size 2048K, 7 young (14336K), 2 survivors (4096K)
 Metaspace       used 83516K, committed 84224K, reserved 1179648K
  class space    used 9204K, committed 9536K, reserved 1048576K
GC Heap History (20 events):
Event: 9.731 GC heap before
{Heap before GC invocations=10 (full 0):
 garbage-first heap   total reserved 3553280K, committed 69632K, used 52233K [0x0000000727200000, 0x0000000800000000)
  region size 2048K, 17 young (34816K), 3 survivors (6144K)
 Metaspace       used 54711K, committed 55168K, reserved 1114112K
  class space    used 5375K, committed 5568K, reserved 1048576K
}
Event: 9.737 GC heap after
{Heap after GC invocations=11 (full 0):
 garbage-first heap   total reserved 3553280K, committed 69632K, used 27657K [0x0000000727200000, 0x0000000800000000)
  region size 2048K, 2 young (4096K), 2 survivors (4096K)
 Metaspace       used 54711K, committed 55168K, reserved 1114112K
  class space    used 5375K, committed 5568K, reserved 1048576K
}
Event: 10.212 GC heap before
{Heap before GC invocations=11 (full 0):
 garbage-first heap   total reserved 3553280K, committed 69632K, used 41993K [0x0000000727200000, 0x0000000800000000)
  region size 2048K, 11 young (22528K), 2 survivors (4096K)
 Metaspace       used 59947K, committed 60416K, reserved 1114112K
  class space    used 6038K, committed 6272K, reserved 1048576K
}
Event: 10.217 GC heap after
{Heap after GC invocations=12 (full 0):
 garbage-first heap   total reserved 3553280K, committed 69632K, used 28376K [0x0000000727200000, 0x0000000800000000)
  region size 2048K, 2 young (4096K), 2 survivors (4096K)
 Metaspace       used 59947K, committed 60416K, reserved 1114112K
  class space    used 6038K, committed 6272K, reserved 1048576K
}
Event: 11.124 GC heap before
{Heap before GC invocations=13 (full 0):
 garbage-first heap   total reserved 3553280K, committed 69632K, used 57048K [0x0000000727200000, 0x0000000800000000)
  region size 2048K, 16 young (32768K), 2 survivors (4096K)
 Metaspace       used 64621K, committed 65152K, reserved 1114112K
  class space    used 6570K, committed 6784K, reserved 1048576K
}
Event: 11.128 GC heap after
{Heap after GC invocations=14 (full 0):
 garbage-first heap   total reserved 3553280K, committed 69632K, used 29392K [0x0000000727200000, 0x0000000800000000)
  region size 2048K, 1 young (2048K), 1 survivors (2048K)
 Metaspace       used 64621K, committed 65152K, reserved 1114112K
  class space    used 6570K, committed 6784K, reserved 1048576K
}
Event: 11.814 GC heap before
{Heap before GC invocations=14 (full 0):
 garbage-first heap   total reserved 3553280K, committed 69632K, used 60112K [0x0000000727200000, 0x0000000800000000)
  region size 2048K, 16 young (32768K), 1 survivors (2048K)
 Metaspace       used 68856K, committed 69376K, reserved 1114112K
  class space    used 7062K, committed 7296K, reserved 1048576K
}
Event: 11.819 GC heap after
{Heap after GC invocations=15 (full 0):
 garbage-first heap   total reserved 3553280K, committed 69632K, used 31180K [0x0000000727200000, 0x0000000800000000)
  region size 2048K, 2 young (4096K), 2 survivors (4096K)
 Metaspace       used 68856K, committed 69376K, reserved 1114112K
  class space    used 7062K, committed 7296K, reserved 1048576K
}
Event: 12.337 GC heap before
{Heap before GC invocations=15 (full 0):
 garbage-first heap   total reserved 3553280K, committed 69632K, used 57804K [0x0000000727200000, 0x0000000800000000)
  region size 2048K, 15 young (30720K), 2 survivors (4096K)
 Metaspace       used 71357K, committed 71872K, reserved 1114112K
  class space    used 7533K, committed 7744K, reserved 1048576K
}
Event: 12.342 GC heap after
{Heap after GC invocations=16 (full 0):
 garbage-first heap   total reserved 3553280K, committed 69632K, used 33128K [0x0000000727200000, 0x0000000800000000)
  region size 2048K, 1 young (2048K), 1 survivors (2048K)
 Metaspace       used 71357K, committed 71872K, reserved 1114112K
  class space    used 7533K, committed 7744K, reserved 1048576K
}
Event: 12.655 GC heap before
{Heap before GC invocations=16 (full 0):
 garbage-first heap   total reserved 3553280K, committed 69632K, used 57704K [0x0000000727200000, 0x0000000800000000)
  region size 2048K, 14 young (28672K), 1 survivors (2048K)
 Metaspace       used 73185K, committed 73664K, reserved 1179648K
  class space    used 7915K, committed 8128K, reserved 1048576K
}
Event: 12.658 GC heap after
{Heap after GC invocations=17 (full 0):
 garbage-first heap   total reserved 3553280K, committed 69632K, used 34131K [0x0000000727200000, 0x0000000800000000)
  region size 2048K, 2 young (4096K), 2 survivors (4096K)
 Metaspace       used 73185K, committed 73664K, reserved 1179648K
  class space    used 7915K, committed 8128K, reserved 1048576K
}
Event: 12.726 GC heap before
{Heap before GC invocations=18 (full 0):
 garbage-first heap   total reserved 3553280K, committed 69632K, used 56659K [0x0000000727200000, 0x0000000800000000)
  region size 2048K, 13 young (26624K), 2 survivors (4096K)
 Metaspace       used 73186K, committed 73664K, reserved 1179648K
  class space    used 7915K, committed 8128K, reserved 1048576K
}
Event: 12.729 GC heap after
{Heap after GC invocations=19 (full 0):
 garbage-first heap   total reserved 3553280K, committed 69632K, used 34437K [0x0000000727200000, 0x0000000800000000)
  region size 2048K, 1 young (2048K), 1 survivors (2048K)
 Metaspace       used 73186K, committed 73664K, reserved 1179648K
  class space    used 7915K, committed 8128K, reserved 1048576K
}
Event: 13.337 GC heap before
{Heap before GC invocations=19 (full 0):
 garbage-first heap   total reserved 3553280K, committed 69632K, used 59013K [0x0000000727200000, 0x0000000800000000)
  region size 2048K, 14 young (28672K), 1 survivors (2048K)
 Metaspace       used 77489K, committed 78016K, reserved 1179648K
  class space    used 8461K, committed 8704K, reserved 1048576K
}
Event: 13.342 GC heap after
{Heap after GC invocations=20 (full 0):
 garbage-first heap   total reserved 3553280K, committed 69632K, used 35138K [0x0000000727200000, 0x0000000800000000)
  region size 2048K, 2 young (4096K), 2 survivors (4096K)
 Metaspace       used 77489K, committed 78016K, reserved 1179648K
  class space    used 8461K, committed 8704K, reserved 1048576K
}
Event: 13.852 GC heap before
{Heap before GC invocations=20 (full 0):
 garbage-first heap   total reserved 3553280K, committed 69632K, used 57666K [0x0000000727200000, 0x0000000800000000)
  region size 2048K, 13 young (26624K), 2 survivors (4096K)
 Metaspace       used 80272K, committed 80832K, reserved 1179648K
  class space    used 8813K, committed 9024K, reserved 1048576K
}
Event: 13.855 GC heap after
{Heap after GC invocations=21 (full 0):
 garbage-first heap   total reserved 3553280K, committed 69632K, used 37201K [0x0000000727200000, 0x0000000800000000)
  region size 2048K, 2 young (4096K), 2 survivors (4096K)
 Metaspace       used 80272K, committed 80832K, reserved 1179648K
  class space    used 8813K, committed 9024K, reserved 1048576K
}
Event: 14.504 GC heap before
{Heap before GC invocations=22 (full 0):
 garbage-first heap   total reserved 3553280K, committed 69632K, used 57681K [0x0000000727200000, 0x0000000800000000)
  region size 2048K, 12 young (24576K), 2 survivors (4096K)
 Metaspace       used 82404K, committed 83072K, reserved 1179648K
  class space    used 9079K, committed 9408K, reserved 1048576K
}
Event: 14.508 GC heap after
{Heap after GC invocations=23 (full 0):
 garbage-first heap   total reserved 3553280K, committed 69632K, used 38774K [0x0000000727200000, 0x0000000800000000)
  region size 2048K, 2 young (4096K), 2 survivors (4096K)
 Metaspace       used 82404K, committed 83072K, reserved 1179648K
  class space    used 9079K, committed 9408K, reserved 1048576K
}

