# JRE version: Java(TM) SE Runtime Environment (24.0.1+9) (build 24.0.1+9-30)
# Java VM: Java HotSpot(TM) 64-Bit Server VM (24.0.1+9-30, mixed mode, sharing, tiered, compressed oops, compressed class ptrs, g1 gc, windows-amd64)
GC Precious Log:
 CardTable entry size: 512
 Card Set container configuration: InlinePtr #cards 4 size 8 Array Of Cards #cards 16 size 48 Howl #buckets 8 coarsen threshold 3686 Howl Bitmap #cards 512 size 80 coarsen threshold 460 Card regions per heap region 1 cards per card region 4096
 CPUs: 12 total, 12 available
 Memory: 13879M
 Large Page Support: Disabled
 NUMA Support: Disabled
 Compressed Oops: Enabled (Zero based)
 Heap Region Size: 2M
 Heap Min Capacity: 8M
 Heap Initial Capacity: 218M
 Heap Max Capacity: 3470M
 Pre-touch: Disabled
 Parallel Workers: 10
 Concurrent Workers: 3
 Concurrent Refinement Workers: 10
 Periodic GC: Disabled
Heap:
 garbage-first heap   total reserved 3553280K, committed 81920K, used 48077K [0x0000000727200000, 0x0000000800000000)
  region size 2048K, 6 young (12288K), 3 survivors (6144K)
 Metaspace       used 93235K, committed 94016K, reserved 1179648K
  class space    used 10313K, committed 10624K, reserved 1048576K
GC Heap History (20 events):
Event: 10.332 GC heap before
{Heap before GC invocations=18 (full 0):
 garbage-first heap   total reserved 3553280K, committed 63488K, used 51811K [0x0000000727200000, 0x0000000800000000)
  region size 2048K, 12 young (24576K), 2 survivors (4096K)
 Metaspace       used 71520K, committed 72000K, reserved 1114112K
  class space    used 7561K, committed 7744K, reserved 1048576K
}
Event: 10.340 GC heap after
{Heap after GC invocations=19 (full 0):
 garbage-first heap   total reserved 3553280K, committed 63488K, used 32450K [0x0000000727200000, 0x0000000800000000)
  region size 2048K, 2 young (4096K), 2 survivors (4096K)
 Metaspace       used 71520K, committed 72000K, reserved 1114112K
  class space    used 7561K, committed 7744K, reserved 1048576K
}
Event: 10.628 GC heap before
{Heap before GC invocations=19 (full 0):
 garbage-first heap   total reserved 3553280K, committed 63488K, used 48834K [0x0000000727200000, 0x0000000800000000)
  region size 2048K, 11 young (22528K), 2 survivors (4096K)
 Metaspace       used 73339K, committed 73856K, reserved 1179648K
  class space    used 7942K, committed 8128K, reserved 1048576K
}
Event: 10.636 GC heap after
{Heap after GC invocations=20 (full 0):
 garbage-first heap   total reserved 3553280K, committed 63488K, used 35123K [0x0000000727200000, 0x0000000800000000)
  region size 2048K, 2 young (4096K), 2 survivors (4096K)
 Metaspace       used 73339K, committed 73856K, reserved 1179648K
  class space    used 7942K, committed 8128K, reserved 1048576K
}
Event: 10.673 GC heap before
{Heap before GC invocations=20 (full 0):
 garbage-first heap   total reserved 3553280K, committed 63488K, used 51507K [0x0000000727200000, 0x0000000800000000)
  region size 2048K, 10 young (20480K), 2 survivors (4096K)
 Metaspace       used 73347K, committed 73856K, reserved 1179648K
  class space    used 7942K, committed 8128K, reserved 1048576K
}
Event: 10.676 GC heap after
{Heap after GC invocations=21 (full 0):
 garbage-first heap   total reserved 3553280K, committed 63488K, used 34058K [0x0000000727200000, 0x0000000800000000)
  region size 2048K, 1 young (2048K), 1 survivors (2048K)
 Metaspace       used 73347K, committed 73856K, reserved 1179648K
  class space    used 7942K, committed 8128K, reserved 1048576K
}
Event: 10.753 GC heap before
{Heap before GC invocations=22 (full 0):
 garbage-first heap   total reserved 3553280K, committed 63488K, used 50442K [0x0000000727200000, 0x0000000800000000)
  region size 2048K, 10 young (20480K), 1 survivors (2048K)
 Metaspace       used 73361K, committed 73856K, reserved 1179648K
  class space    used 7942K, committed 8128K, reserved 1048576K
}
Event: 10.755 GC heap after
{Heap after GC invocations=23 (full 0):
 garbage-first heap   total reserved 3553280K, committed 63488K, used 34307K [0x0000000727200000, 0x0000000800000000)
  region size 2048K, 1 young (2048K), 1 survivors (2048K)
 Metaspace       used 73361K, committed 73856K, reserved 1179648K
  class space    used 7942K, committed 8128K, reserved 1048576K
}
Event: 11.241 GC heap before
{Heap before GC invocations=23 (full 0):
 garbage-first heap   total reserved 3553280K, committed 63488K, used 52739K [0x0000000727200000, 0x0000000800000000)
  region size 2048K, 10 young (20480K), 1 survivors (2048K)
 Metaspace       used 77765K, committed 78400K, reserved 1179648K
  class space    used 8484K, committed 8768K, reserved 1048576K
}
Event: 11.245 GC heap after
{Heap after GC invocations=24 (full 0):
 garbage-first heap   total reserved 3553280K, committed 63488K, used 34521K [0x0000000727200000, 0x0000000800000000)
  region size 2048K, 1 young (2048K), 1 survivors (2048K)
 Metaspace       used 77765K, committed 78400K, reserved 1179648K
  class space    used 8484K, committed 8768K, reserved 1048576K
}
Event: 11.649 GC heap before
{Heap before GC invocations=24 (full 0):
 garbage-first heap   total reserved 3553280K, committed 63488K, used 52953K [0x0000000727200000, 0x0000000800000000)
  region size 2048K, 10 young (20480K), 1 survivors (2048K)
 Metaspace       used 80092K, committed 80704K, reserved 1179648K
  class space    used 8790K, committed 9088K, reserved 1048576K
}
Event: 11.652 GC heap after
{Heap after GC invocations=25 (full 0):
 garbage-first heap   total reserved 3553280K, committed 63488K, used 36247K [0x0000000727200000, 0x0000000800000000)
  region size 2048K, 2 young (4096K), 2 survivors (4096K)
 Metaspace       used 80092K, committed 80704K, reserved 1179648K
  class space    used 8790K, committed 9088K, reserved 1048576K
}
Event: 12.070 GC heap before
{Heap before GC invocations=26 (full 0):
 garbage-first heap   total reserved 3553280K, committed 65536K, used 50583K [0x0000000727200000, 0x0000000800000000)
  region size 2048K, 9 young (18432K), 2 survivors (4096K)
 Metaspace       used 81482K, committed 82112K, reserved 1179648K
  class space    used 8949K, committed 9216K, reserved 1048576K
}
Event: 12.075 GC heap after
{Heap after GC invocations=27 (full 0):
 garbage-first heap   total reserved 3553280K, committed 65536K, used 37635K [0x0000000727200000, 0x0000000800000000)
  region size 2048K, 2 young (4096K), 2 survivors (4096K)
 Metaspace       used 81482K, committed 82112K, reserved 1179648K
  class space    used 8949K, committed 9216K, reserved 1048576K
}
Event: 12.589 GC heap before
{Heap before GC invocations=27 (full 0):
 garbage-first heap   total reserved 3553280K, committed 65536K, used 54019K [0x0000000727200000, 0x0000000800000000)
  region size 2048K, 10 young (20480K), 2 survivors (4096K)
 Metaspace       used 83359K, committed 83968K, reserved 1179648K
  class space    used 9187K, committed 9472K, reserved 1048576K
}
Event: 12.607 GC heap after
{Heap after GC invocations=28 (full 0):
 garbage-first heap   total reserved 3553280K, committed 81920K, used 38711K [0x0000000727200000, 0x0000000800000000)
  region size 2048K, 2 young (4096K), 2 survivors (4096K)
 Metaspace       used 83359K, committed 83968K, reserved 1179648K
  class space    used 9187K, committed 9472K, reserved 1048576K
}
Event: 26.652 GC heap before
{Heap before GC invocations=28 (full 0):
 garbage-first heap   total reserved 3553280K, committed 81920K, used 71479K [0x0000000727200000, 0x0000000800000000)
  region size 2048K, 18 young (36864K), 2 survivors (4096K)
 Metaspace       used 87611K, committed 88320K, reserved 1179648K
  class space    used 9680K, committed 9984K, reserved 1048576K
}
Event: 26.663 GC heap after
{Heap after GC invocations=29 (full 0):
 garbage-first heap   total reserved 3553280K, committed 81920K, used 40647K [0x0000000727200000, 0x0000000800000000)
  region size 2048K, 3 young (6144K), 3 survivors (6144K)
 Metaspace       used 87611K, committed 88320K, reserved 1179648K
  class space    used 9680K, committed 9984K, reserved 1048576K
}
Event: 29.851 GC heap before
{Heap before GC invocations=30 (full 0):
 garbage-first heap   total reserved 3553280K, committed 81920K, used 67271K [0x0000000727200000, 0x0000000800000000)
  region size 2048K, 17 young (34816K), 3 survivors (6144K)
 Metaspace       used 93047K, committed 93760K, reserved 1179648K
  class space    used 10303K, committed 10624K, reserved 1048576K
}
Event: 29.871 GC heap after
{Heap after GC invocations=31 (full 0):
 garbage-first heap   total reserved 3553280K, committed 81920K, used 43981K [0x0000000727200000, 0x0000000800000000)
  region size 2048K, 3 young (6144K), 3 survivors (6144K)
 Metaspace       used 93047K, committed 93760K, reserved 1179648K
  class space    used 10303K, committed 10624K, reserved 1048576K
}

