# JRE version: Java(TM) SE Runtime Environment (24.0.1+9) (build 24.0.1+9-30)
# Java VM: Java HotSpot(TM) 64-Bit Server VM (24.0.1+9-30, mixed mode, sharing, tiered, compressed oops, compressed class ptrs, g1 gc, windows-amd64)
GC Precious Log:
 CardTable entry size: 512
 Card Set container configuration: InlinePtr #cards 4 size 8 Array Of Cards #cards 16 size 48 Howl #buckets 8 coarsen threshold 3686 Howl Bitmap #cards 512 size 80 coarsen threshold 460 Card regions per heap region 1 cards per card region 4096
 CPUs: 12 total, 12 available
 Memory: 13879M
 Large Page Support: Disabled
 NUMA Support: Disabled
 Compressed Oops: Enabled (Zero based)
 Heap Region Size: 2M
 Heap Min Capacity: 8M
 Heap Initial Capacity: 218M
 Heap Max Capacity: 3470M
 Pre-touch: Disabled
 Parallel Workers: 10
 Concurrent Workers: 3
 Concurrent Refinement Workers: 10
 Periodic GC: Disabled
Heap:
 garbage-first heap   total reserved 3553280K, committed 69632K, used 46084K [0x0000000727200000, 0x0000000800000000)
  region size 2048K, 10 young (20480K), 2 survivors (4096K)
 Metaspace       used 72364K, committed 72960K, reserved 1179648K
  class space    used 7631K, committed 7872K, reserved 1048576K
GC Heap History (20 events):
Event: 3.987 GC heap before
{Heap before GC invocations=4 (full 0):
 garbage-first heap   total reserved 3553280K, committed 69632K, used 43515K [0x0000000727200000, 0x0000000800000000)
  region size 2048K, 20 young (40960K), 7 survivors (14336K)
 Metaspace       used 29561K, committed 29888K, reserved 1114112K
  class space    used 2754K, committed 2880K, reserved 1048576K
}
Event: 4.000 GC heap after
{Heap after GC invocations=5 (full 0):
 garbage-first heap   total reserved 3553280K, committed 69632K, used 19101K [0x0000000727200000, 0x0000000800000000)
  region size 2048K, 2 young (4096K), 2 survivors (4096K)
 Metaspace       used 29561K, committed 29888K, reserved 1114112K
  class space    used 2754K, committed 2880K, reserved 1048576K
}
Event: 5.032 GC heap before
{Heap before GC invocations=5 (full 0):
 garbage-first heap   total reserved 3553280K, committed 69632K, used 49821K [0x0000000727200000, 0x0000000800000000)
  region size 2048K, 17 young (34816K), 2 survivors (4096K)
 Metaspace       used 33681K, committed 34048K, reserved 1114112K
  class space    used 3237K, committed 3392K, reserved 1048576K
}
Event: 5.037 GC heap after
{Heap after GC invocations=6 (full 0):
 garbage-first heap   total reserved 3553280K, committed 69632K, used 20564K [0x0000000727200000, 0x0000000800000000)
  region size 2048K, 3 young (6144K), 3 survivors (6144K)
 Metaspace       used 33681K, committed 34048K, reserved 1114112K
  class space    used 3237K, committed 3392K, reserved 1048576K
}
Event: 5.489 GC heap before
{Heap before GC invocations=6 (full 0):
 garbage-first heap   total reserved 3553280K, committed 69632K, used 32852K [0x0000000727200000, 0x0000000800000000)
  region size 2048K, 10 young (20480K), 3 survivors (6144K)
 Metaspace       used 35561K, committed 35968K, reserved 1114112K
  class space    used 3480K, committed 3712K, reserved 1048576K
}
Event: 5.496 GC heap after
{Heap after GC invocations=7 (full 0):
 garbage-first heap   total reserved 3553280K, committed 69632K, used 22000K [0x0000000727200000, 0x0000000800000000)
  region size 2048K, 2 young (4096K), 2 survivors (4096K)
 Metaspace       used 35561K, committed 35968K, reserved 1114112K
  class space    used 3480K, committed 3712K, reserved 1048576K
}
Event: 6.444 GC heap before
{Heap before GC invocations=8 (full 0):
 garbage-first heap   total reserved 3553280K, committed 69632K, used 50672K [0x0000000727200000, 0x0000000800000000)
  region size 2048K, 17 young (34816K), 2 survivors (4096K)
 Metaspace       used 40539K, committed 41024K, reserved 1114112K
  class space    used 3994K, committed 4160K, reserved 1048576K
}
Event: 6.450 GC heap after
{Heap after GC invocations=9 (full 0):
 garbage-first heap   total reserved 3553280K, committed 69632K, used 24065K [0x0000000727200000, 0x0000000800000000)
  region size 2048K, 2 young (4096K), 2 survivors (4096K)
 Metaspace       used 40539K, committed 41024K, reserved 1114112K
  class space    used 3994K, committed 4160K, reserved 1048576K
}
Event: 7.509 GC heap before
{Heap before GC invocations=9 (full 0):
 garbage-first heap   total reserved 3553280K, committed 69632K, used 54785K [0x0000000727200000, 0x0000000800000000)
  region size 2048K, 17 young (34816K), 2 survivors (4096K)
 Metaspace       used 48410K, committed 48896K, reserved 1114112K
  class space    used 4814K, committed 5056K, reserved 1048576K
}
Event: 7.515 GC heap after
{Heap after GC invocations=10 (full 0):
 garbage-first heap   total reserved 3553280K, committed 69632K, used 25541K [0x0000000727200000, 0x0000000800000000)
  region size 2048K, 3 young (6144K), 3 survivors (6144K)
 Metaspace       used 48410K, committed 48896K, reserved 1114112K
  class space    used 4814K, committed 5056K, reserved 1048576K
}
Event: 8.370 GC heap before
{Heap before GC invocations=10 (full 0):
 garbage-first heap   total reserved 3553280K, committed 69632K, used 54213K [0x0000000727200000, 0x0000000800000000)
  region size 2048K, 17 young (34816K), 3 survivors (6144K)
 Metaspace       used 54445K, committed 54912K, reserved 1114112K
  class space    used 5317K, committed 5504K, reserved 1048576K
}
Event: 8.378 GC heap after
{Heap after GC invocations=11 (full 0):
 garbage-first heap   total reserved 3553280K, committed 69632K, used 29523K [0x0000000727200000, 0x0000000800000000)
  region size 2048K, 2 young (4096K), 2 survivors (4096K)
 Metaspace       used 54445K, committed 54912K, reserved 1114112K
  class space    used 5317K, committed 5504K, reserved 1048576K
}
Event: 8.829 GC heap before
{Heap before GC invocations=11 (full 0):
 garbage-first heap   total reserved 3553280K, committed 69632K, used 43859K [0x0000000727200000, 0x0000000800000000)
  region size 2048K, 11 young (22528K), 2 survivors (4096K)
 Metaspace       used 59696K, committed 60160K, reserved 1114112K
  class space    used 5988K, committed 6208K, reserved 1048576K
}
Event: 8.834 GC heap after
{Heap after GC invocations=12 (full 0):
 garbage-first heap   total reserved 3553280K, committed 69632K, used 28321K [0x0000000727200000, 0x0000000800000000)
  region size 2048K, 2 young (4096K), 2 survivors (4096K)
 Metaspace       used 59696K, committed 60160K, reserved 1114112K
  class space    used 5988K, committed 6208K, reserved 1048576K
}
Event: 10.280 GC heap before
{Heap before GC invocations=13 (full 0):
 garbage-first heap   total reserved 3553280K, committed 69632K, used 56993K [0x0000000727200000, 0x0000000800000000)
  region size 2048K, 16 young (32768K), 2 survivors (4096K)
 Metaspace       used 64316K, committed 64832K, reserved 1114112K
  class space    used 6569K, committed 6784K, reserved 1048576K
}
Event: 10.287 GC heap after
{Heap after GC invocations=14 (full 0):
 garbage-first heap   total reserved 3553280K, committed 69632K, used 29556K [0x0000000727200000, 0x0000000800000000)
  region size 2048K, 1 young (2048K), 1 survivors (2048K)
 Metaspace       used 64316K, committed 64832K, reserved 1114112K
  class space    used 6569K, committed 6784K, reserved 1048576K
}
Event: 11.309 GC heap before
{Heap before GC invocations=14 (full 0):
 garbage-first heap   total reserved 3553280K, committed 69632K, used 60276K [0x0000000727200000, 0x0000000800000000)
  region size 2048K, 16 young (32768K), 1 survivors (2048K)
 Metaspace       used 68808K, committed 69376K, reserved 1114112K
  class space    used 7052K, committed 7296K, reserved 1048576K
}
Event: 11.315 GC heap after
{Heap after GC invocations=15 (full 0):
 garbage-first heap   total reserved 3553280K, committed 69632K, used 31411K [0x0000000727200000, 0x0000000800000000)
  region size 2048K, 2 young (4096K), 2 survivors (4096K)
 Metaspace       used 68808K, committed 69376K, reserved 1114112K
  class space    used 7052K, committed 7296K, reserved 1048576K
}
Event: 12.092 GC heap before
{Heap before GC invocations=15 (full 0):
 garbage-first heap   total reserved 3553280K, committed 69632K, used 58035K [0x0000000727200000, 0x0000000800000000)
  region size 2048K, 15 young (30720K), 2 survivors (4096K)
 Metaspace       used 71599K, committed 72192K, reserved 1114112K
  class space    used 7561K, committed 7808K, reserved 1048576K
}
Event: 13.095 GC heap after
{Heap after GC invocations=16 (full 0):
 garbage-first heap   total reserved 3553280K, committed 69632K, used 33796K [0x0000000727200000, 0x0000000800000000)
  region size 2048K, 2 young (4096K), 2 survivors (4096K)
 Metaspace       used 71599K, committed 72192K, reserved 1114112K
  class space    used 7561K, committed 7808K, reserved 1048576K
}

