# JRE version: Java(TM) SE Runtime Environment (24.0.1+9) (build 24.0.1+9-30)
# Java VM: Java HotSpot(TM) 64-Bit Server VM (24.0.1+9-30, mixed mode, sharing, tiered, compressed oops, compressed class ptrs, g1 gc, windows-amd64)
GC Precious Log:
 CardTable entry size: 512
 Card Set container configuration: InlinePtr #cards 4 size 8 Array Of Cards #cards 16 size 48 Howl #buckets 8 coarsen threshold 3686 Howl Bitmap #cards 512 size 80 coarsen threshold 460 Card regions per heap region 1 cards per card region 4096
 CPUs: 12 total, 12 available
 Memory: 13879M
 Large Page Support: Disabled
 NUMA Support: Disabled
 Compressed Oops: Enabled (Zero based)
 Heap Region Size: 2M
 Heap Min Capacity: 8M
 Heap Initial Capacity: 218M
 Heap Max Capacity: 3470M
 Pre-touch: Disabled
 Parallel Workers: 10
 Concurrent Workers: 3
 Concurrent Refinement Workers: 10
 Periodic GC: Disabled
Heap:
 garbage-first heap   total reserved 3553280K, committed 75776K, used 50662K [0x0000000727200000, 0x0000000800000000)
  region size 2048K, 7 young (14336K), 2 survivors (4096K)
 Metaspace       used 92648K, committed 93312K, reserved 1179648K
  class space    used 10254K, committed 10560K, reserved 1048576K
GC Heap History (20 events):
Event: 11.865 GC heap before
{Heap before GC invocations=19 (full 0):
 garbage-first heap   total reserved 3553280K, committed 63488K, used 49386K [0x0000000727200000, 0x0000000800000000)
  region size 2048K, 11 young (22528K), 2 survivors (4096K)
 Metaspace       used 73294K, committed 73856K, reserved 1179648K
  class space    used 7944K, committed 8192K, reserved 1048576K
}
Event: 11.869 GC heap after
{Heap after GC invocations=20 (full 0):
 garbage-first heap   total reserved 3553280K, committed 63488K, used 35204K [0x0000000727200000, 0x0000000800000000)
  region size 2048K, 2 young (4096K), 2 survivors (4096K)
 Metaspace       used 73294K, committed 73856K, reserved 1179648K
  class space    used 7944K, committed 8192K, reserved 1048576K
}
Event: 11.918 GC heap before
{Heap before GC invocations=20 (full 0):
 garbage-first heap   total reserved 3553280K, committed 63488K, used 51588K [0x0000000727200000, 0x0000000800000000)
  region size 2048K, 10 young (20480K), 2 survivors (4096K)
 Metaspace       used 73301K, committed 73856K, reserved 1179648K
  class space    used 7944K, committed 8192K, reserved 1048576K
}
Event: 11.923 GC heap after
{Heap after GC invocations=21 (full 0):
 garbage-first heap   total reserved 3553280K, committed 63488K, used 34514K [0x0000000727200000, 0x0000000800000000)
  region size 2048K, 1 young (2048K), 1 survivors (2048K)
 Metaspace       used 73301K, committed 73856K, reserved 1179648K
  class space    used 7944K, committed 8192K, reserved 1048576K
}
Event: 11.976 GC heap before
{Heap before GC invocations=21 (full 0):
 garbage-first heap   total reserved 3553280K, committed 63488K, used 52946K [0x0000000727200000, 0x0000000800000000)
  region size 2048K, 10 young (20480K), 1 survivors (2048K)
 Metaspace       used 73317K, committed 73856K, reserved 1179648K
  class space    used 7944K, committed 8192K, reserved 1048576K
}
Event: 11.979 GC heap after
{Heap after GC invocations=22 (full 0):
 garbage-first heap   total reserved 3553280K, committed 63488K, used 34883K [0x0000000727200000, 0x0000000800000000)
  region size 2048K, 1 young (2048K), 1 survivors (2048K)
 Metaspace       used 73317K, committed 73856K, reserved 1179648K
  class space    used 7944K, committed 8192K, reserved 1048576K
}
Event: 12.344 GC heap before
{Heap before GC invocations=23 (full 0):
 garbage-first heap   total reserved 3553280K, committed 63488K, used 53315K [0x0000000727200000, 0x0000000800000000)
  region size 2048K, 10 young (20480K), 1 survivors (2048K)
 Metaspace       used 77297K, committed 77888K, reserved 1179648K
  class space    used 8407K, committed 8640K, reserved 1048576K
}
Event: 12.347 GC heap after
{Heap after GC invocations=24 (full 0):
 garbage-first heap   total reserved 3553280K, committed 63488K, used 35183K [0x0000000727200000, 0x0000000800000000)
  region size 2048K, 1 young (2048K), 1 survivors (2048K)
 Metaspace       used 77297K, committed 77888K, reserved 1179648K
  class space    used 8407K, committed 8640K, reserved 1048576K
}
Event: 13.055 GC heap before
{Heap before GC invocations=24 (full 0):
 garbage-first heap   total reserved 3553280K, committed 63488K, used 53615K [0x0000000727200000, 0x0000000800000000)
  region size 2048K, 10 young (20480K), 1 survivors (2048K)
 Metaspace       used 79903K, committed 80512K, reserved 1179648K
  class space    used 8765K, committed 9024K, reserved 1048576K
}
Event: 13.060 GC heap after
{Heap after GC invocations=25 (full 0):
 garbage-first heap   total reserved 3553280K, committed 63488K, used 36422K [0x0000000727200000, 0x0000000800000000)
  region size 2048K, 2 young (4096K), 2 survivors (4096K)
 Metaspace       used 79903K, committed 80512K, reserved 1179648K
  class space    used 8765K, committed 9024K, reserved 1048576K
}
Event: 13.604 GC heap before
{Heap before GC invocations=25 (full 0):
 garbage-first heap   total reserved 3553280K, committed 63488K, used 50758K [0x0000000727200000, 0x0000000800000000)
  region size 2048K, 9 young (18432K), 2 survivors (4096K)
 Metaspace       used 81340K, committed 81984K, reserved 1179648K
  class space    used 8927K, committed 9216K, reserved 1048576K
}
Event: 13.609 GC heap after
{Heap after GC invocations=26 (full 0):
 garbage-first heap   total reserved 3553280K, committed 63488K, used 38143K [0x0000000727200000, 0x0000000800000000)
  region size 2048K, 2 young (4096K), 2 survivors (4096K)
 Metaspace       used 81340K, committed 81984K, reserved 1179648K
  class space    used 8927K, committed 9216K, reserved 1048576K
}
Event: 14.176 GC heap before
{Heap before GC invocations=27 (full 0):
 garbage-first heap   total reserved 3553280K, committed 69632K, used 50431K [0x0000000727200000, 0x0000000800000000)
  region size 2048K, 8 young (16384K), 2 survivors (4096K)
 Metaspace       used 82595K, committed 83200K, reserved 1179648K
  class space    used 9106K, committed 9344K, reserved 1048576K
}
Event: 14.181 GC heap after
{Heap after GC invocations=28 (full 0):
 garbage-first heap   total reserved 3553280K, committed 69632K, used 38720K [0x0000000727200000, 0x0000000800000000)
  region size 2048K, 1 young (2048K), 1 survivors (2048K)
 Metaspace       used 82595K, committed 83200K, reserved 1179648K
  class space    used 9106K, committed 9344K, reserved 1048576K
}
Event: 15.103 GC heap before
{Heap before GC invocations=28 (full 0):
 garbage-first heap   total reserved 3553280K, committed 69632K, used 59200K [0x0000000727200000, 0x0000000800000000)
  region size 2048K, 11 young (22528K), 1 survivors (2048K)
 Metaspace       used 84976K, committed 85632K, reserved 1179648K
  class space    used 9373K, committed 9664K, reserved 1048576K
}
Event: 15.108 GC heap after
{Heap after GC invocations=29 (full 0):
 garbage-first heap   total reserved 3553280K, committed 69632K, used 40668K [0x0000000727200000, 0x0000000800000000)
  region size 2048K, 2 young (4096K), 2 survivors (4096K)
 Metaspace       used 84976K, committed 85632K, reserved 1179648K
  class space    used 9373K, committed 9664K, reserved 1048576K
}
Event: 23.021 GC heap before
{Heap before GC invocations=30 (full 0):
 garbage-first heap   total reserved 3553280K, committed 71680K, used 57052K [0x0000000727200000, 0x0000000800000000)
  region size 2048K, 10 young (20480K), 2 survivors (4096K)
 Metaspace       used 87703K, committed 88448K, reserved 1179648K
  class space    used 9703K, committed 10048K, reserved 1048576K
}
Event: 23.027 GC heap after
{Heap after GC invocations=31 (full 0):
 garbage-first heap   total reserved 3553280K, committed 71680K, used 41797K [0x0000000727200000, 0x0000000800000000)
  region size 2048K, 2 young (4096K), 2 survivors (4096K)
 Metaspace       used 87703K, committed 88448K, reserved 1179648K
  class space    used 9703K, committed 10048K, reserved 1048576K
}
Event: 26.668 GC heap before
{Heap before GC invocations=31 (full 0):
 garbage-first heap   total reserved 3553280K, committed 71680K, used 60229K [0x0000000727200000, 0x0000000800000000)
  region size 2048K, 11 young (22528K), 2 survivors (4096K)
 Metaspace       used 91042K, committed 91776K, reserved 1179648K
  class space    used 10057K, committed 10368K, reserved 1048576K
}
Event: 26.674 GC heap after
{Heap after GC invocations=32 (full 0):
 garbage-first heap   total reserved 3553280K, committed 71680K, used 44518K [0x0000000727200000, 0x0000000800000000)
  region size 2048K, 2 young (4096K), 2 survivors (4096K)
 Metaspace       used 91042K, committed 91776K, reserved 1179648K
  class space    used 10057K, committed 10368K, reserved 1048576K
}

