# JRE version: Java(TM) SE Runtime Environment (24.0.1+9) (build 24.0.1+9-30)
# Java VM: Java HotSpot(TM) 64-Bit Server VM (24.0.1+9-30, mixed mode, sharing, tiered, compressed oops, compressed class ptrs, g1 gc, windows-amd64)
GC Precious Log:
 CardTable entry size: 512
 Card Set container configuration: InlinePtr #cards 4 size 8 Array Of Cards #cards 16 size 48 Howl #buckets 8 coarsen threshold 3686 Howl Bitmap #cards 512 size 80 coarsen threshold 460 Card regions per heap region 1 cards per card region 4096
 CPUs: 12 total, 12 available
 Memory: 13879M
 Large Page Support: Disabled
 NUMA Support: Disabled
 Compressed Oops: Enabled (Zero based)
 Heap Region Size: 2M
 Heap Min Capacity: 8M
 Heap Initial Capacity: 218M
 Heap Max Capacity: 3470M
 Pre-touch: Disabled
 Parallel Workers: 10
 Concurrent Workers: 3
 Concurrent Refinement Workers: 10
 Periodic GC: Disabled
Heap:
 garbage-first heap   total reserved 3553280K, committed 83968K, used 43059K [0x0000000727200000, 0x0000000800000000)
  region size 2048K, 4 young (8192K), 3 survivors (6144K)
 Metaspace       used 89707K, committed 90432K, reserved 1179648K
  class space    used 9892K, committed 10240K, reserved 1048576K
GC Heap History (20 events):
Event: 8.006 GC heap before
{Heap before GC invocations=10 (full 0):
 garbage-first heap   total reserved 3553280K, committed 69632K, used 52122K [0x0000000727200000, 0x0000000800000000)
  region size 2048K, 17 young (34816K), 3 survivors (6144K)
 Metaspace       used 54807K, committed 55232K, reserved 1114112K
  class space    used 5371K, committed 5568K, reserved 1048576K
}
Event: 8.012 GC heap after
{Heap after GC invocations=11 (full 0):
 garbage-first heap   total reserved 3553280K, committed 69632K, used 27606K [0x0000000727200000, 0x0000000800000000)
  region size 2048K, 2 young (4096K), 2 survivors (4096K)
 Metaspace       used 54807K, committed 55232K, reserved 1114112K
  class space    used 5371K, committed 5568K, reserved 1048576K
}
Event: 8.429 GC heap before
{Heap before GC invocations=11 (full 0):
 garbage-first heap   total reserved 3553280K, committed 69632K, used 41942K [0x0000000727200000, 0x0000000800000000)
  region size 2048K, 11 young (22528K), 2 survivors (4096K)
 Metaspace       used 59871K, committed 60288K, reserved 1114112K
  class space    used 6007K, committed 6208K, reserved 1048576K
}
Event: 8.433 GC heap after
{Heap after GC invocations=12 (full 0):
 garbage-first heap   total reserved 3553280K, committed 69632K, used 28037K [0x0000000727200000, 0x0000000800000000)
  region size 2048K, 2 young (4096K), 2 survivors (4096K)
 Metaspace       used 59871K, committed 60288K, reserved 1114112K
  class space    used 6007K, committed 6208K, reserved 1048576K
}
Event: 9.523 GC heap before
{Heap before GC invocations=13 (full 0):
 garbage-first heap   total reserved 3553280K, committed 69632K, used 56709K [0x0000000727200000, 0x0000000800000000)
  region size 2048K, 16 young (32768K), 2 survivors (4096K)
 Metaspace       used 64401K, committed 64896K, reserved 1114112K
  class space    used 6555K, committed 6784K, reserved 1048576K
}
Event: 9.531 GC heap after
{Heap after GC invocations=14 (full 0):
 garbage-first heap   total reserved 3553280K, committed 69632K, used 29170K [0x0000000727200000, 0x0000000800000000)
  region size 2048K, 1 young (2048K), 1 survivors (2048K)
 Metaspace       used 64401K, committed 64896K, reserved 1114112K
  class space    used 6555K, committed 6784K, reserved 1048576K
}
Event: 10.369 GC heap before
{Heap before GC invocations=14 (full 0):
 garbage-first heap   total reserved 3553280K, committed 69632K, used 59890K [0x0000000727200000, 0x0000000800000000)
  region size 2048K, 16 young (32768K), 1 survivors (2048K)
 Metaspace       used 68868K, committed 69376K, reserved 1114112K
  class space    used 7037K, committed 7232K, reserved 1048576K
}
Event: 10.382 GC heap after
{Heap after GC invocations=15 (full 0):
 garbage-first heap   total reserved 3553280K, committed 69632K, used 30991K [0x0000000727200000, 0x0000000800000000)
  region size 2048K, 2 young (4096K), 2 survivors (4096K)
 Metaspace       used 68868K, committed 69376K, reserved 1114112K
  class space    used 7037K, committed 7232K, reserved 1048576K
}
Event: 10.973 GC heap before
{Heap before GC invocations=15 (full 0):
 garbage-first heap   total reserved 3553280K, committed 69632K, used 57615K [0x0000000727200000, 0x0000000800000000)
  region size 2048K, 15 young (30720K), 2 survivors (4096K)
 Metaspace       used 71644K, committed 72128K, reserved 1114112K
  class space    used 7542K, committed 7744K, reserved 1048576K
}
Event: 10.981 GC heap after
{Heap after GC invocations=16 (full 0):
 garbage-first heap   total reserved 3553280K, committed 69632K, used 33906K [0x0000000727200000, 0x0000000800000000)
  region size 2048K, 2 young (4096K), 2 survivors (4096K)
 Metaspace       used 71644K, committed 72128K, reserved 1114112K
  class space    used 7542K, committed 7744K, reserved 1048576K
}
Event: 11.287 GC heap before
{Heap before GC invocations=16 (full 0):
 garbage-first heap   total reserved 3553280K, committed 69632K, used 54386K [0x0000000727200000, 0x0000000800000000)
  region size 2048K, 13 young (26624K), 2 survivors (4096K)
 Metaspace       used 73471K, committed 73984K, reserved 1179648K
  class space    used 7926K, committed 8128K, reserved 1048576K
}
Event: 11.293 GC heap after
{Heap after GC invocations=17 (full 0):
 garbage-first heap   total reserved 3553280K, committed 83968K, used 35993K [0x0000000727200000, 0x0000000800000000)
  region size 2048K, 2 young (4096K), 2 survivors (4096K)
 Metaspace       used 73471K, committed 73984K, reserved 1179648K
  class space    used 7926K, committed 8128K, reserved 1048576K
}
Event: 11.395 GC heap before
{Heap before GC invocations=18 (full 0):
 garbage-first heap   total reserved 3553280K, committed 83968K, used 68761K [0x0000000727200000, 0x0000000800000000)
  region size 2048K, 19 young (38912K), 2 survivors (4096K)
 Metaspace       used 73471K, committed 73984K, reserved 1179648K
  class space    used 7926K, committed 8128K, reserved 1048576K
}
Event: 11.398 GC heap after
{Heap after GC invocations=19 (full 0):
 garbage-first heap   total reserved 3553280K, committed 83968K, used 35097K [0x0000000727200000, 0x0000000800000000)
  region size 2048K, 2 young (4096K), 2 survivors (4096K)
 Metaspace       used 73471K, committed 73984K, reserved 1179648K
  class space    used 7926K, committed 8128K, reserved 1048576K
}
Event: 12.289 GC heap before
{Heap before GC invocations=19 (full 0):
 garbage-first heap   total reserved 3553280K, committed 83968K, used 69913K [0x0000000727200000, 0x0000000800000000)
  region size 2048K, 19 young (38912K), 2 survivors (4096K)
 Metaspace       used 79829K, committed 80448K, reserved 1179648K
  class space    used 8749K, committed 9024K, reserved 1048576K
}
Event: 12.294 GC heap after
{Heap after GC invocations=20 (full 0):
 garbage-first heap   total reserved 3553280K, committed 83968K, used 36468K [0x0000000727200000, 0x0000000800000000)
  region size 2048K, 2 young (4096K), 2 survivors (4096K)
 Metaspace       used 79829K, committed 80448K, reserved 1179648K
  class space    used 8749K, committed 9024K, reserved 1048576K
}
Event: 13.320 GC heap before
{Heap before GC invocations=20 (full 0):
 garbage-first heap   total reserved 3553280K, committed 83968K, used 73332K [0x0000000727200000, 0x0000000800000000)
  region size 2048K, 20 young (40960K), 2 survivors (4096K)
 Metaspace       used 83970K, committed 84608K, reserved 1179648K
  class space    used 9253K, committed 9536K, reserved 1048576K
}
Event: 13.329 GC heap after
{Heap after GC invocations=21 (full 0):
 garbage-first heap   total reserved 3553280K, committed 83968K, used 39593K [0x0000000727200000, 0x0000000800000000)
  region size 2048K, 3 young (6144K), 3 survivors (6144K)
 Metaspace       used 83970K, committed 84608K, reserved 1179648K
  class space    used 9253K, committed 9536K, reserved 1048576K
}
Event: 25.752 GC heap before
{Heap before GC invocations=22 (full 0):
 garbage-first heap   total reserved 3553280K, committed 83968K, used 70313K [0x0000000727200000, 0x0000000800000000)
  region size 2048K, 18 young (36864K), 3 survivors (6144K)
 Metaspace       used 86829K, committed 87488K, reserved 1179648K
  class space    used 9588K, committed 9856K, reserved 1048576K
}
Event: 25.763 GC heap after
{Heap after GC invocations=23 (full 0):
 garbage-first heap   total reserved 3553280K, committed 83968K, used 41189K [0x0000000727200000, 0x0000000800000000)
  region size 2048K, 3 young (6144K), 3 survivors (6144K)
 Metaspace       used 86829K, committed 87488K, reserved 1179648K
  class space    used 9588K, committed 9856K, reserved 1048576K
}

